<?xml version="1.0" encoding="UTF-8"?>
<!-- Generated by org.testng.reporters.JUnitReportReporter -->
<testsuite skipped="0" hostname="Familys-MBP.attlocal.net" name="TryBrowser.TryBrowser.AppTest" tests="1" failures="0" timestamp="12 Apr 2020 15:42:12 GMT" time="0.001" errors="0">
  <testcase name="testApp" time="0.001" classname="TryBrowser.TryBrowser.AppTest"/>
</testsuite> <!-- TryBrowser.TryBrowser.AppTest -->
