<?xml version="1.0" encoding="UTF-8"?>
<!-- Generated by org.testng.reporters.JUnitReportReporter -->
<testsuite skipped="0" hostname="Familys-MBP.attlocal.net" name="TryBrowser.TryBrowser.TestsMaven" tests="1" failures="0" timestamp="12 Apr 2020 15:40:55 GMT" time="2.222" errors="0">
  <testcase name="test1" time="2.222" classname="TryBrowser.TryBrowser.TestsMaven"/>
</testsuite> <!-- TryBrowser.TryBrowser.TestsMaven -->
